<?xml version="1.0" encoding="UTF-8"?>
<!-- Generated by org.testng.reporters.JUnitReportReporter -->
<testsuite hostname="vipul" failures="0" tests="5" name="com.stock.qa.testcases.AddProductTest" time="1.583" errors="1" timestamp="2020-02-26T14:18:50 IST" skipped="4">
  <testcase classname="com.stock.qa.testcases.AddProductTest" name="setUp" time="1.583">
    <error message="session not created: This version of ChromeDriver only supports Chrome version 78
Build info: version: &#039;3.141.59&#039;, revision: &#039;e82be7d358&#039;, time: &#039;2018-11-14T08:17:03&#039;
System info: host: &#039;VIPUL&#039;, ip: &#039;192.168.0.26&#039;, os.name: &#039;Windows 8.1&#039;, os.arch: &#039;amd64&#039;, os.version: &#039;6.3&#039;, java.version: &#039;12.0.1&#039;
Driver info: driver.version: ChromeDriver
remote stacktrace: Backtrace:
	Ordinal0 [0x004AA903+1550595]
	Ordinal0 [0x0042A701+1025793]
	Ordinal0 [0x003AC6E5+509669]
	Ordinal0 [0x0033FC68+64616]
	Ordinal0 [0x0033C594+50580]
	Ordinal0 [0x0035ACE7+175335]
	Ordinal0 [0x0035A8ED+174317]
	Ordinal0 [0x00358CDB+167131]
	Ordinal0 [0x0034144A+70730]
	Ordinal0 [0x003424D0+74960]
	Ordinal0 [0x00342469+74857]
	Ordinal0 [0x004442C7+1131207]
	GetHandleVerifier [0x005470FD+523789]
	GetHandleVerifier [0x00546E90+523168]
	GetHandleVerifier [0x0054E1E7+552695]
	GetHandleVerifier [0x005478FA+525834]
	Ordinal0 [0x0043B7FC+1095676]
	Ordinal0 [0x0044633B+1139515]
	Ordinal0 [0x004464A3+1139875]
	Ordinal0 [0x00445425+1135653]
	BaseThreadInitThunk [0x753A7C04+36]
	RtlInitializeExceptionChain [0x77BFAD8F+143]
	RtlInitializeExceptionChain [0x77BFAD5A+90]
" type="org.openqa.selenium.SessionNotCreatedException">
      <![CDATA[org.openqa.selenium.SessionNotCreatedException: session not created: This version of ChromeDriver only supports Chrome version 78
Build info: version: '3.141.59', revision: 'e82be7d358', time: '2018-11-14T08:17:03'
System info: host: 'VIPUL', ip: '192.168.0.26', os.name: 'Windows 8.1', os.arch: 'amd64', os.version: '6.3', java.version: '12.0.1'
Driver info: driver.version: ChromeDriver
remote stacktrace: Backtrace:
Ordinal0 [0x004AA903+1550595]
Ordinal0 [0x0042A701+1025793]
Ordinal0 [0x003AC6E5+509669]
Ordinal0 [0x0033FC68+64616]
Ordinal0 [0x0033C594+50580]
Ordinal0 [0x0035ACE7+175335]
Ordinal0 [0x0035A8ED+174317]
Ordinal0 [0x00358CDB+167131]
Ordinal0 [0x0034144A+70730]
Ordinal0 [0x003424D0+74960]
Ordinal0 [0x00342469+74857]
Ordinal0 [0x004442C7+1131207]
GetHandleVerifier [0x005470FD+523789]
GetHandleVerifier [0x00546E90+523168]
GetHandleVerifier [0x0054E1E7+552695]
GetHandleVerifier [0x005478FA+525834]
Ordinal0 [0x0043B7FC+1095676]
Ordinal0 [0x0044633B+1139515]
Ordinal0 [0x004464A3+1139875]
Ordinal0 [0x00445425+1135653]
BaseThreadInitThunk [0x753A7C04+36]
RtlInitializeExceptionChain [0x77BFAD8F+143]
RtlInitializeExceptionChain [0x77BFAD5A+90]

at java.base/jdk.internal.reflect.NativeConstructorAccessorImpl.newInstance0(Native Method)
at java.base/jdk.internal.reflect.NativeConstructorAccessorImpl.newInstance(NativeConstructorAccessorImpl.java:62)
at java.base/jdk.internal.reflect.DelegatingConstructorAccessorImpl.newInstance(DelegatingConstructorAccessorImpl.java:45)
at java.base/java.lang.reflect.Constructor.newInstanceWithCaller(Constructor.java:500)
at java.base/java.lang.reflect.Constructor.newInstance(Constructor.java:481)
at org.openqa.selenium.remote.W3CHandshakeResponse.lambda$errorHandler$0(W3CHandshakeResponse.java:62)
at org.openqa.selenium.remote.HandshakeResponse.lambda$getResponseFunction$0(HandshakeResponse.java:30)
at org.openqa.selenium.remote.ProtocolHandshake.lambda$createSession$0(ProtocolHandshake.java:126)
at java.base/java.util.stream.ReferencePipeline$3$1.accept(ReferencePipeline.java:195)
at java.base/java.util.Spliterators$ArraySpliterator.tryAdvance(Spliterators.java:958)
at java.base/java.util.stream.ReferencePipeline.forEachWithCancel(ReferencePipeline.java:127)
at java.base/java.util.stream.AbstractPipeline.copyIntoWithCancel(AbstractPipeline.java:502)
at java.base/java.util.stream.AbstractPipeline.copyInto(AbstractPipeline.java:488)
at java.base/java.util.stream.AbstractPipeline.wrapAndCopyInto(AbstractPipeline.java:474)
at java.base/java.util.stream.FindOps$FindOp.evaluateSequential(FindOps.java:150)
at java.base/java.util.stream.AbstractPipeline.evaluate(AbstractPipeline.java:234)
at java.base/java.util.stream.ReferencePipeline.findFirst(ReferencePipeline.java:543)
at org.openqa.selenium.remote.ProtocolHandshake.createSession(ProtocolHandshake.java:128)
at org.openqa.selenium.remote.ProtocolHandshake.createSession(ProtocolHandshake.java:74)
at org.openqa.selenium.remote.HttpCommandExecutor.execute(HttpCommandExecutor.java:136)
at org.openqa.selenium.remote.service.DriverCommandExecutor.execute(DriverCommandExecutor.java:83)
at org.openqa.selenium.remote.RemoteWebDriver.execute(RemoteWebDriver.java:552)
at org.openqa.selenium.remote.RemoteWebDriver.startSession(RemoteWebDriver.java:213)
at org.openqa.selenium.remote.RemoteWebDriver.<init>(RemoteWebDriver.java:131)
at org.openqa.selenium.chrome.ChromeDriver.<init>(ChromeDriver.java:181)
at org.openqa.selenium.chrome.ChromeDriver.<init>(ChromeDriver.java:168)
at org.openqa.selenium.chrome.ChromeDriver.<init>(ChromeDriver.java:123)
at com.stock.qa.base.TestBase.initialization(TestBase.java:43)
at com.stock.qa.testcases.AddProductTest.setUp(AddProductTest.java:32)
at java.base/jdk.internal.reflect.NativeMethodAccessorImpl.invoke0(Native Method)
at java.base/jdk.internal.reflect.NativeMethodAccessorImpl.invoke(NativeMethodAccessorImpl.java:62)
at java.base/jdk.internal.reflect.DelegatingMethodAccessorImpl.invoke(DelegatingMethodAccessorImpl.java:43)
at java.base/java.lang.reflect.Method.invoke(Method.java:567)
at org.testng.internal.MethodInvocationHelper.invokeMethod(MethodInvocationHelper.java:133)
at org.testng.internal.MethodInvocationHelper.invokeMethodConsideringTimeout(MethodInvocationHelper.java:62)
at org.testng.internal.ConfigInvoker.invokeConfigurationMethod(ConfigInvoker.java:340)
at org.testng.internal.ConfigInvoker.invokeConfigurations(ConfigInvoker.java:294)
at org.testng.internal.TestInvoker.runConfigMethods(TestInvoker.java:683)
at org.testng.internal.TestInvoker.invokeMethod(TestInvoker.java:510)
at org.testng.internal.TestInvoker.invokeTestMethod(TestInvoker.java:172)
at org.testng.internal.MethodRunner.runInSequence(MethodRunner.java:46)
at org.testng.internal.TestInvoker$MethodInvocationAgent.invoke(TestInvoker.java:804)
at org.testng.internal.TestInvoker.invokeTestMethods(TestInvoker.java:145)
at org.testng.internal.TestMethodWorker.invokeTestMethods(TestMethodWorker.java:146)
at org.testng.internal.TestMethodWorker.run(TestMethodWorker.java:128)
at java.base/java.util.ArrayList.forEach(ArrayList.java:1540)
at org.testng.TestRunner.privateRun(TestRunner.java:770)
at org.testng.TestRunner.run(TestRunner.java:591)
at org.testng.SuiteRunner.runTest(SuiteRunner.java:402)
at org.testng.SuiteRunner.runSequentially(SuiteRunner.java:396)
at org.testng.SuiteRunner.privateRun(SuiteRunner.java:355)
at org.testng.SuiteRunner.run(SuiteRunner.java:304)
at org.testng.SuiteRunnerWorker.runSuite(SuiteRunnerWorker.java:53)
at org.testng.SuiteRunnerWorker.run(SuiteRunnerWorker.java:96)
at org.testng.TestNG.runSuitesSequentially(TestNG.java:1180)
at org.testng.TestNG.runSuitesLocally(TestNG.java:1102)
at org.testng.TestNG.runSuites(TestNG.java:1032)
at org.testng.TestNG.run(TestNG.java:1000)
at org.testng.remote.AbstractRemoteTestNG.run(AbstractRemoteTestNG.java:115)
at org.testng.remote.RemoteTestNG.initAndRun(RemoteTestNG.java:251)
at org.testng.remote.RemoteTestNG.main(RemoteTestNG.java:77)
]]>
    </error>
  </testcase> <!-- setUp -->
  <testcase classname="com.stock.qa.testcases.AddProductTest" name="Verify_AddproducttitleName_Test" time="0.000">
    <skipped/>
  </testcase> <!-- Verify_AddproducttitleName_Test -->
  <testcase classname="com.stock.qa.testcases.AddProductTest" name="Verify_AddProduct_Functionality_Test" time="0.000">
    <skipped/>
  </testcase> <!-- Verify_AddProduct_Functionality_Test -->
  <testcase classname="com.stock.qa.testcases.AddProductTest" name="Verify_AddProduct_Functionality_Test" time="0.000">
    <skipped/>
  </testcase> <!-- Verify_AddProduct_Functionality_Test -->
  <testcase classname="com.stock.qa.testcases.AddProductTest" name="Verify_AddProduct_Functionality_Test" time="0.000">
    <skipped/>
  </testcase> <!-- Verify_AddProduct_Functionality_Test -->
</testsuite> <!-- com.stock.qa.testcases.AddProductTest -->
