<?xml version="1.0" encoding="UTF-8"?>
<!-- Generated by org.testng.reporters.JUnitXMLReporter -->
<testsuite ignored="0" hostname="vipul" failures="2" tests="34" name="All_TestCases" time="524.871" errors="0" timestamp="2020-03-02T14:17:16 IST">
  <testcase classname="com.stock.qa.testcases.LoginTestCase" name="Verify_LoginPageTitle_Test" time="0.102"/>
  <testcase classname="com.stock.qa.testcases.LoginTestCase" name="Verify_StockLogoImage_Test" time="0.223"/>
  <testcase classname="com.stock.qa.testcases.LoginTestCase" name="Verify_login_Test" time="2.166"/>
  <testcase classname="com.stock.qa.testcases.HomePageTest" name="Verify_SiteEstimateLink_Test" time="1.511"/>
  <testcase classname="com.stock.qa.testcases.HomePageTest" name="Verify_HomePageTitle_Test" time="0.016"/>
  <testcase classname="com.stock.qa.testcases.HomePageTest" name="Verify_CorrectCompanyLogo_Test" time="0.089"/>
  <testcase classname="com.stock.qa.testcases.HomePageTest" name="Verify_DispatchMaterialLink_Test" time="2.68"/>
  <testcase classname="com.stock.qa.testcases.HomePageTest" name="Verify_ReturnMaterialLink_Test" time="1.855"/>
  <testcase classname="com.stock.qa.testcases.HomePageTest" name="Verify_SettingsLink_Test" time="0.106"/>
  <testcase classname="com.stock.qa.testcases.HomePageTest" name="Verify_LogoutBtn_Test" time="0.224"/>
  <testcase classname="com.stock.qa.testcases.Setting_test" name="Verify_Setting_Test" time="1.765"/>
  <testcase classname="com.stock.qa.testcases.AddProductCategoryTest" name="Verify_Settings_Test" time="1.565"/>
  <testcase classname="com.stock.qa.testcases.AddProductCategoryTest" name="Verify_Addproduct_Category_TitleNameTest" time="12.001"/>
  <testcase classname="com.stock.qa.testcases.AddProductCategoryTest" name="Verify_Addproductcategory_Test" time="12.753"/>
  <testcase classname="com.stock.qa.testcases.AddProductCategoryTest" name="Verify_Addproductcategory_Test" time="16.513"/>
  <testcase classname="com.stock.qa.testcases.AddProductCategoryTest" name="Verify_Addproductcategory_Test" time="14.317"/>
  <testcase classname="com.stock.qa.testcases.AddProductTest" name="Verify_AddproducttitleName_Test" time="6.043"/>
  <testcase classname="com.stock.qa.testcases.AddProductTest" name="Verify_AddProduct_Functionality_Test" time="8.028"/>
  <testcase classname="com.stock.qa.testcases.AddProductTest" name="Verify_AddProduct_Functionality_Test" time="8.737"/>
  <testcase classname="com.stock.qa.testcases.AddProductTest" name="Verify_AddProduct_Functionality_Test" time="5.991"/>
  <testcase classname="com.stock.qa.testcases.AddSuppliersTest" name="Verify_AddproducttitleName_Test" time="5.246"/>
  <testcase classname="com.stock.qa.testcases.AddSuppliersTest" name="Verify_Addsupplier_Functionality_Test" time="5.585"/>
  <testcase classname="com.stock.qa.testcases.AddSupervisorTest" name="Verify_AddSupervisorTitleName_Test" time="4.081"/>
  <testcase classname="com.stock.qa.testcases.AddSupervisorTest" name="Verify_AddSupervisorFunctionality_Test" time="5.304"/>
  <testcase classname="com.stock.qa.testcases.AddSiteTest" name="Verify_AddSitetitleName_Test" time="4.473"/>
  <testcase classname="com.stock.qa.testcases.AddSiteTest" name="Verify_AddsiteFunctionality_Test" time="7.118"/>
  <testcase classname="com.stock.qa.testcases.AddSiteTest" name="Verify_AddsiteFunctionality_Test" time="6.311"/>
  <testcase classname="com.stock.qa.testcases.AddSiteTest" name="Verify_AddsiteFunctionality_Test" time="9.753"/>
  <testcase classname="com.stock.qa.testcases.PurchaseMaterialTest" name="Verify_Purchasematerial_Titlename_Test" time="2.472"/>
  <testcase classname="com.stock.qa.testcases.PurchaseMaterialTest" name="Verify_Purchasematerial_functionality_Test" time="9.547"/>
  <testcase classname="com.stock.qa.testcases.DispatchMaterialTest" name="Verify_DispatchMaterialTitleName_Test" time="4.206"/>
  <testcase classname="com.stock.qa.testcases.DispatchMaterialTest" name="Verify_DispatchMaterial_Functionality_Test" time="2.946">
    <failure type="org.openqa.selenium.ElementNotInteractableException" message="element not interactable
  (Session info: chrome=80.0.3987.122)
Build info: version: &amp;apos;3.141.59&amp;apos;, revision: &amp;apos;e82be7d358&amp;apos;, time: &amp;apos;2018-11-14T08:17:03&amp;apos;
System info: host: &amp;apos;VIPUL&amp;apos;, ip: &amp;apos;192.168.0.28&amp;apos;, os.name: &amp;apos;Windows 8.1&amp;apos;, os.arch: &amp;apos;amd64&amp;apos;, os.version: &amp;apos;6.3&amp;apos;, java.version: &amp;apos;12.0.1&amp;apos;
Driver info: org.openqa.selenium.chrome.ChromeDriver
Capabilities {acceptInsecureCerts: false, browserName: chrome, browserVersion: 80.0.3987.122, chrome: {chromedriverVersion: 80.0.3987.106 (f68069574609..., userDataDir: C:\Users\vips\AppData\Local...}, goog:chromeOptions: {debuggerAddress: localhost:64759}, javascriptEnabled: true, networkConnectionEnabled: false, pageLoadStrategy: normal, platform: WINDOWS, platformName: WINDOWS, proxy: Proxy(), setWindowRect: true, strictFileInteractability: false, timeouts: {implicit: 0, pageLoad: 300000, script: 30000}, unhandledPromptBehavior: dismiss and notify}
Session ID: e6ddc5b10dcb928a08a499cd3088165f">
      <![CDATA[org.openqa.selenium.ElementNotInteractableException: element not interactable
  (Session info: chrome=80.0.3987.122)
Build info: version: '3.141.59', revision: 'e82be7d358', time: '2018-11-14T08:17:03'
System info: host: 'VIPUL', ip: '192.168.0.28', os.name: 'Windows 8.1', os.arch: 'amd64', os.version: '6.3', java.version: '12.0.1'
Driver info: org.openqa.selenium.chrome.ChromeDriver
Capabilities {acceptInsecureCerts: false, browserName: chrome, browserVersion: 80.0.3987.122, chrome: {chromedriverVersion: 80.0.3987.106 (f68069574609..., userDataDir: C:\Users\vips\AppData\Local...}, goog:chromeOptions: {debuggerAddress: localhost:64759}, javascriptEnabled: true, networkConnectionEnabled: false, pageLoadStrategy: normal, platform: WINDOWS, platformName: WINDOWS, proxy: Proxy(), setWindowRect: true, strictFileInteractability: false, timeouts: {implicit: 0, pageLoad: 300000, script: 30000}, unhandledPromptBehavior: dismiss and notify}
Session ID: e6ddc5b10dcb928a08a499cd3088165f
at org.openqa.selenium.remote.http.W3CHttpResponseCodec.createException(W3CHttpResponseCodec.java:187)
at org.openqa.selenium.remote.http.W3CHttpResponseCodec.decode(W3CHttpResponseCodec.java:122)
at org.openqa.selenium.remote.http.W3CHttpResponseCodec.decode(W3CHttpResponseCodec.java:49)
at org.openqa.selenium.remote.HttpCommandExecutor.execute(HttpCommandExecutor.java:158)
at org.openqa.selenium.remote.service.DriverCommandExecutor.execute(DriverCommandExecutor.java:83)
at org.openqa.selenium.remote.RemoteWebDriver.execute(RemoteWebDriver.java:552)
at org.openqa.selenium.remote.RemoteWebElement.execute(RemoteWebElement.java:285)
at org.openqa.selenium.remote.RemoteWebElement.sendKeys(RemoteWebElement.java:106)
at org.openqa.selenium.support.pagefactory.internal.LocatingElementHandler.invoke(LocatingElementHandler.java:51)
at com.sun.proxy.$Proxy16.sendKeys(Unknown Source)
at com.stock.qa.pages.DispatchMaterial.Verify_Dispatch_Functionality(DispatchMaterial.java:38)
at com.stock.qa.testcases.DispatchMaterialTest.Verify_DispatchMaterial_Functionality_Test(DispatchMaterialTest.java:45)
at java.base/java.util.ArrayList.forEach(ArrayList.java:1540)
... Removed 35 stack frames]]>
    </failure>
  </testcase> <!-- Verify_DispatchMaterial_Functionality_Test -->
  <testcase classname="com.stock.qa.testcases.ReturnMaterialTest" name="Verify_AddproducttitleName_Test" time="1.003"/>
  <testcase classname="com.stock.qa.testcases.ReturnMaterialTest" name="Verify_ReturnMaterial_Functionality_Test" time="13.073">
    <failure type="org.openqa.selenium.ElementNotInteractableException" message="element not interactable
  (Session info: chrome=80.0.3987.122)
Build info: version: &amp;apos;3.141.59&amp;apos;, revision: &amp;apos;e82be7d358&amp;apos;, time: &amp;apos;2018-11-14T08:17:03&amp;apos;
System info: host: &amp;apos;VIPUL&amp;apos;, ip: &amp;apos;192.168.0.28&amp;apos;, os.name: &amp;apos;Windows 8.1&amp;apos;, os.arch: &amp;apos;amd64&amp;apos;, os.version: &amp;apos;6.3&amp;apos;, java.version: &amp;apos;12.0.1&amp;apos;
Driver info: org.openqa.selenium.chrome.ChromeDriver
Capabilities {acceptInsecureCerts: false, browserName: chrome, browserVersion: 80.0.3987.122, chrome: {chromedriverVersion: 80.0.3987.106 (f68069574609..., userDataDir: C:\Users\vips\AppData\Local...}, goog:chromeOptions: {debuggerAddress: localhost:64842}, javascriptEnabled: true, networkConnectionEnabled: false, pageLoadStrategy: normal, platform: WINDOWS, platformName: WINDOWS, proxy: Proxy(), setWindowRect: true, strictFileInteractability: false, timeouts: {implicit: 0, pageLoad: 300000, script: 30000}, unhandledPromptBehavior: dismiss and notify}
Session ID: 22983ed58339a3d046c9b124f8af99c2">
      <![CDATA[org.openqa.selenium.ElementNotInteractableException: element not interactable
  (Session info: chrome=80.0.3987.122)
Build info: version: '3.141.59', revision: 'e82be7d358', time: '2018-11-14T08:17:03'
System info: host: 'VIPUL', ip: '192.168.0.28', os.name: 'Windows 8.1', os.arch: 'amd64', os.version: '6.3', java.version: '12.0.1'
Driver info: org.openqa.selenium.chrome.ChromeDriver
Capabilities {acceptInsecureCerts: false, browserName: chrome, browserVersion: 80.0.3987.122, chrome: {chromedriverVersion: 80.0.3987.106 (f68069574609..., userDataDir: C:\Users\vips\AppData\Local...}, goog:chromeOptions: {debuggerAddress: localhost:64842}, javascriptEnabled: true, networkConnectionEnabled: false, pageLoadStrategy: normal, platform: WINDOWS, platformName: WINDOWS, proxy: Proxy(), setWindowRect: true, strictFileInteractability: false, timeouts: {implicit: 0, pageLoad: 300000, script: 30000}, unhandledPromptBehavior: dismiss and notify}
Session ID: 22983ed58339a3d046c9b124f8af99c2
at org.openqa.selenium.remote.http.W3CHttpResponseCodec.createException(W3CHttpResponseCodec.java:187)
at org.openqa.selenium.remote.http.W3CHttpResponseCodec.decode(W3CHttpResponseCodec.java:122)
at org.openqa.selenium.remote.http.W3CHttpResponseCodec.decode(W3CHttpResponseCodec.java:49)
at org.openqa.selenium.remote.HttpCommandExecutor.execute(HttpCommandExecutor.java:158)
at org.openqa.selenium.remote.service.DriverCommandExecutor.execute(DriverCommandExecutor.java:83)
at org.openqa.selenium.remote.RemoteWebDriver.execute(RemoteWebDriver.java:552)
at org.openqa.selenium.remote.RemoteWebElement.execute(RemoteWebElement.java:285)
at org.openqa.selenium.remote.RemoteWebElement.sendKeys(RemoteWebElement.java:106)
at org.openqa.selenium.support.pagefactory.internal.LocatingElementHandler.invoke(LocatingElementHandler.java:51)
at com.sun.proxy.$Proxy16.sendKeys(Unknown Source)
at com.stock.qa.pages.ReturnMaterial.Verify_returnMaterial_functionality(ReturnMaterial.java:45)
at com.stock.qa.testcases.ReturnMaterialTest.Verify_ReturnMaterial_Functionality_Test(ReturnMaterialTest.java:46)
at java.base/java.util.ArrayList.forEach(ArrayList.java:1540)
... Removed 35 stack frames]]>
    </failure>
  </testcase> <!-- Verify_ReturnMaterial_Functionality_Test -->
</testsuite> <!-- All_TestCases -->
