<?xml version="1.0" encoding="UTF-8"?>
<!-- Generated by org.testng.reporters.JUnitXMLReporter -->
<testsuite ignored="4" hostname="vipul" failures="4" tests="4" name="Test3(failed)" time="42.682" errors="0" timestamp="2019-12-12T15:02:35 IST">
  <testcase classname="com.stock.qa.testcases.DispatchMaterialTest" name="Verify_DispatchMaterial_Functionality_Test" time="1.588">
    <failure type="org.openqa.selenium.ElementNotInteractableException" message="element not interactable
  (Session info: chrome=78.0.3904.108)
Build info: version: &amp;apos;3.141.59&amp;apos;, revision: &amp;apos;e82be7d358&amp;apos;, time: &amp;apos;2018-11-14T08:17:03&amp;apos;
System info: host: &amp;apos;VIPUL&amp;apos;, ip: &amp;apos;192.168.0.29&amp;apos;, os.name: &amp;apos;Windows 8.1&amp;apos;, os.arch: &amp;apos;amd64&amp;apos;, os.version: &amp;apos;6.3&amp;apos;, java.version: &amp;apos;12.0.1&amp;apos;
Driver info: org.openqa.selenium.chrome.ChromeDriver
Capabilities {acceptInsecureCerts: false, browserName: chrome, browserVersion: 78.0.3904.108, chrome: {chromedriverVersion: 78.0.3904.70 (edb9c9f3de024..., userDataDir: C:\Users\vips\AppData\Local...}, goog:chromeOptions: {debuggerAddress: localhost:54615}, javascriptEnabled: true, networkConnectionEnabled: false, pageLoadStrategy: normal, platform: XP, platformName: XP, proxy: Proxy(), setWindowRect: true, strictFileInteractability: false, timeouts: {implicit: 0, pageLoad: 300000, script: 30000}, unhandledPromptBehavior: dismiss and notify}
Session ID: 6e977f644935a70c5f55fa64a9c13ed0">
      <![CDATA[org.openqa.selenium.ElementNotInteractableException: element not interactable
  (Session info: chrome=78.0.3904.108)
Build info: version: '3.141.59', revision: 'e82be7d358', time: '2018-11-14T08:17:03'
System info: host: 'VIPUL', ip: '192.168.0.29', os.name: 'Windows 8.1', os.arch: 'amd64', os.version: '6.3', java.version: '12.0.1'
Driver info: org.openqa.selenium.chrome.ChromeDriver
Capabilities {acceptInsecureCerts: false, browserName: chrome, browserVersion: 78.0.3904.108, chrome: {chromedriverVersion: 78.0.3904.70 (edb9c9f3de024..., userDataDir: C:\Users\vips\AppData\Local...}, goog:chromeOptions: {debuggerAddress: localhost:54615}, javascriptEnabled: true, networkConnectionEnabled: false, pageLoadStrategy: normal, platform: XP, platformName: XP, proxy: Proxy(), setWindowRect: true, strictFileInteractability: false, timeouts: {implicit: 0, pageLoad: 300000, script: 30000}, unhandledPromptBehavior: dismiss and notify}
Session ID: 6e977f644935a70c5f55fa64a9c13ed0
at org.openqa.selenium.remote.http.W3CHttpResponseCodec.createException(W3CHttpResponseCodec.java:187)
at org.openqa.selenium.remote.http.W3CHttpResponseCodec.decode(W3CHttpResponseCodec.java:122)
at org.openqa.selenium.remote.http.W3CHttpResponseCodec.decode(W3CHttpResponseCodec.java:49)
at org.openqa.selenium.remote.HttpCommandExecutor.execute(HttpCommandExecutor.java:158)
at org.openqa.selenium.remote.service.DriverCommandExecutor.execute(DriverCommandExecutor.java:83)
at org.openqa.selenium.remote.RemoteWebDriver.execute(RemoteWebDriver.java:552)
at org.openqa.selenium.remote.RemoteWebElement.execute(RemoteWebElement.java:285)
at org.openqa.selenium.remote.RemoteWebElement.sendKeys(RemoteWebElement.java:106)
at org.openqa.selenium.support.pagefactory.internal.LocatingElementHandler.invoke(LocatingElementHandler.java:51)
at com.sun.proxy.$Proxy13.sendKeys(Unknown Source)
at com.stock.qa.pages.DispatchMaterial.Verify_Dispatch_Functionality(DispatchMaterial.java:38)
at com.stock.qa.testcases.DispatchMaterialTest.Verify_DispatchMaterial_Functionality_Test(DispatchMaterialTest.java:45)
at java.base/java.util.ArrayList.forEach(ArrayList.java:1540)
... Removed 36 stack frames]]>
    </failure>
  </testcase> <!-- Verify_DispatchMaterial_Functionality_Test -->
  <testcase classname="com.stock.qa.testcases.AddSiteTest" name="Verify_AddsiteFunctionality_Test" time="3.895">
    <failure type="org.openqa.selenium.support.ui.UnexpectedTagNameException" message="Element should have been &amp;quot;select&amp;quot; but was &amp;quot;ul&amp;quot;
Build info: version: &amp;apos;3.141.59&amp;apos;, revision: &amp;apos;e82be7d358&amp;apos;, time: &amp;apos;2018-11-14T08:17:03&amp;apos;
System info: host: &amp;apos;VIPUL&amp;apos;, ip: &amp;apos;192.168.0.29&amp;apos;, os.name: &amp;apos;Windows 8.1&amp;apos;, os.arch: &amp;apos;amd64&amp;apos;, os.version: &amp;apos;6.3&amp;apos;, java.version: &amp;apos;12.0.1&amp;apos;
Driver info: driver.version: unknown">
      <![CDATA[org.openqa.selenium.support.ui.UnexpectedTagNameException: Element should have been "select" but was "ul"
Build info: version: '3.141.59', revision: 'e82be7d358', time: '2018-11-14T08:17:03'
System info: host: 'VIPUL', ip: '192.168.0.29', os.name: 'Windows 8.1', os.arch: 'amd64', os.version: '6.3', java.version: '12.0.1'
Driver info: driver.version: unknown
at org.openqa.selenium.support.ui.Select.<init>(Select.java:48)
at com.stock.qa.pages.AddSite.Verify_addsite_functionality(AddSite.java:45)
at com.stock.qa.testcases.AddSiteTest.Verify_AddsiteFunctionality_Test(AddSiteTest.java:44)
at java.base/java.util.ArrayList.forEach(ArrayList.java:1540)
... Removed 27 stack frames]]>
    </failure>
  </testcase> <!-- Verify_AddsiteFunctionality_Test -->
  <testcase classname="com.stock.qa.testcases.PurchaseMaterialTest" name="Verify_Purchasematerial_functionality_Test" time="1.172">
    <failure type="org.openqa.selenium.ElementClickInterceptedException" message="element click intercepted: Element &amp;lt;span class=&amp;quot;select2-selection__rendered&amp;quot; id=&amp;quot;select2-suppID-container&amp;quot; role=&amp;quot;textbox&amp;quot; aria-readonly=&amp;quot;true&amp;quot; title=&amp;quot;...&amp;quot;&amp;gt;Search..&amp;lt;/span&amp;gt; is not clickable at point (612, 185). Other element would receive the click: &amp;lt;div class=&amp;quot;preloader&amp;quot; style=&amp;quot;opacity: 0.784281;&amp;quot;&amp;gt;...&amp;lt;/div&amp;gt;
  (Session info: chrome=78.0.3904.108)
Build info: version: &amp;apos;3.141.59&amp;apos;, revision: &amp;apos;e82be7d358&amp;apos;, time: &amp;apos;2018-11-14T08:17:03&amp;apos;
System info: host: &amp;apos;VIPUL&amp;apos;, ip: &amp;apos;192.168.0.29&amp;apos;, os.name: &amp;apos;Windows 8.1&amp;apos;, os.arch: &amp;apos;amd64&amp;apos;, os.version: &amp;apos;6.3&amp;apos;, java.version: &amp;apos;12.0.1&amp;apos;
Driver info: org.openqa.selenium.chrome.ChromeDriver
Capabilities {acceptInsecureCerts: false, browserName: chrome, browserVersion: 78.0.3904.108, chrome: {chromedriverVersion: 78.0.3904.70 (edb9c9f3de024..., userDataDir: C:\Users\vips\AppData\Local...}, goog:chromeOptions: {debuggerAddress: localhost:54717}, javascriptEnabled: true, networkConnectionEnabled: false, pageLoadStrategy: normal, platform: XP, platformName: XP, proxy: Proxy(), setWindowRect: true, strictFileInteractability: false, timeouts: {implicit: 0, pageLoad: 300000, script: 30000}, unhandledPromptBehavior: dismiss and notify}
Session ID: 8d4f9cb3f7e0dc45523582fc4b6705a1">
      <![CDATA[org.openqa.selenium.ElementClickInterceptedException: element click intercepted: Element <span class="select2-selection__rendered" id="select2-suppID-container" role="textbox" aria-readonly="true" title="...">Search..</span> is not clickable at point (612, 185). Other element would receive the click: <div class="preloader" style="opacity: 0.784281;">...</div>
  (Session info: chrome=78.0.3904.108)
Build info: version: '3.141.59', revision: 'e82be7d358', time: '2018-11-14T08:17:03'
System info: host: 'VIPUL', ip: '192.168.0.29', os.name: 'Windows 8.1', os.arch: 'amd64', os.version: '6.3', java.version: '12.0.1'
Driver info: org.openqa.selenium.chrome.ChromeDriver
Capabilities {acceptInsecureCerts: false, browserName: chrome, browserVersion: 78.0.3904.108, chrome: {chromedriverVersion: 78.0.3904.70 (edb9c9f3de024..., userDataDir: C:\Users\vips\AppData\Local...}, goog:chromeOptions: {debuggerAddress: localhost:54717}, javascriptEnabled: true, networkConnectionEnabled: false, pageLoadStrategy: normal, platform: XP, platformName: XP, proxy: Proxy(), setWindowRect: true, strictFileInteractability: false, timeouts: {implicit: 0, pageLoad: 300000, script: 30000}, unhandledPromptBehavior: dismiss and notify}
Session ID: 8d4f9cb3f7e0dc45523582fc4b6705a1
at org.openqa.selenium.remote.http.W3CHttpResponseCodec.createException(W3CHttpResponseCodec.java:187)
at org.openqa.selenium.remote.http.W3CHttpResponseCodec.decode(W3CHttpResponseCodec.java:122)
at org.openqa.selenium.remote.http.W3CHttpResponseCodec.decode(W3CHttpResponseCodec.java:49)
at org.openqa.selenium.remote.HttpCommandExecutor.execute(HttpCommandExecutor.java:158)
at org.openqa.selenium.remote.service.DriverCommandExecutor.execute(DriverCommandExecutor.java:83)
at org.openqa.selenium.remote.RemoteWebDriver.execute(RemoteWebDriver.java:552)
at org.openqa.selenium.remote.RemoteWebElement.execute(RemoteWebElement.java:285)
at org.openqa.selenium.remote.RemoteWebElement.click(RemoteWebElement.java:84)
at org.openqa.selenium.support.pagefactory.internal.LocatingElementHandler.invoke(LocatingElementHandler.java:51)
at com.sun.proxy.$Proxy13.click(Unknown Source)
at com.stock.qa.pages.PurchaseMaterialPage.Verify_PurchaseMaterial_Functionality(PurchaseMaterialPage.java:46)
at com.stock.qa.testcases.PurchaseMaterialTest.Verify_Purchasematerial_functionality_Test(PurchaseMaterialTest.java:46)
at java.base/java.util.ArrayList.forEach(ArrayList.java:1540)
... Removed 36 stack frames]]>
    </failure>
  </testcase> <!-- Verify_Purchasematerial_functionality_Test -->
  <testcase classname="com.stock.qa.testcases.ReturnMaterialTest" name="Verify_ReturnMaterial_Functionality_Test" time="2.307">
    <failure type="org.openqa.selenium.ElementNotInteractableException" message="element not interactable
  (Session info: chrome=78.0.3904.108)
Build info: version: &amp;apos;3.141.59&amp;apos;, revision: &amp;apos;e82be7d358&amp;apos;, time: &amp;apos;2018-11-14T08:17:03&amp;apos;
System info: host: &amp;apos;VIPUL&amp;apos;, ip: &amp;apos;192.168.0.29&amp;apos;, os.name: &amp;apos;Windows 8.1&amp;apos;, os.arch: &amp;apos;amd64&amp;apos;, os.version: &amp;apos;6.3&amp;apos;, java.version: &amp;apos;12.0.1&amp;apos;
Driver info: org.openqa.selenium.chrome.ChromeDriver
Capabilities {acceptInsecureCerts: false, browserName: chrome, browserVersion: 78.0.3904.108, chrome: {chromedriverVersion: 78.0.3904.70 (edb9c9f3de024..., userDataDir: C:\Users\vips\AppData\Local...}, goog:chromeOptions: {debuggerAddress: localhost:54758}, javascriptEnabled: true, networkConnectionEnabled: false, pageLoadStrategy: normal, platform: XP, platformName: XP, proxy: Proxy(), setWindowRect: true, strictFileInteractability: false, timeouts: {implicit: 0, pageLoad: 300000, script: 30000}, unhandledPromptBehavior: dismiss and notify}
Session ID: 4944a2302fc62f52c805ac54107a35f1">
      <![CDATA[org.openqa.selenium.ElementNotInteractableException: element not interactable
  (Session info: chrome=78.0.3904.108)
Build info: version: '3.141.59', revision: 'e82be7d358', time: '2018-11-14T08:17:03'
System info: host: 'VIPUL', ip: '192.168.0.29', os.name: 'Windows 8.1', os.arch: 'amd64', os.version: '6.3', java.version: '12.0.1'
Driver info: org.openqa.selenium.chrome.ChromeDriver
Capabilities {acceptInsecureCerts: false, browserName: chrome, browserVersion: 78.0.3904.108, chrome: {chromedriverVersion: 78.0.3904.70 (edb9c9f3de024..., userDataDir: C:\Users\vips\AppData\Local...}, goog:chromeOptions: {debuggerAddress: localhost:54758}, javascriptEnabled: true, networkConnectionEnabled: false, pageLoadStrategy: normal, platform: XP, platformName: XP, proxy: Proxy(), setWindowRect: true, strictFileInteractability: false, timeouts: {implicit: 0, pageLoad: 300000, script: 30000}, unhandledPromptBehavior: dismiss and notify}
Session ID: 4944a2302fc62f52c805ac54107a35f1
at org.openqa.selenium.remote.http.W3CHttpResponseCodec.createException(W3CHttpResponseCodec.java:187)
at org.openqa.selenium.remote.http.W3CHttpResponseCodec.decode(W3CHttpResponseCodec.java:122)
at org.openqa.selenium.remote.http.W3CHttpResponseCodec.decode(W3CHttpResponseCodec.java:49)
at org.openqa.selenium.remote.HttpCommandExecutor.execute(HttpCommandExecutor.java:158)
at org.openqa.selenium.remote.service.DriverCommandExecutor.execute(DriverCommandExecutor.java:83)
at org.openqa.selenium.remote.RemoteWebDriver.execute(RemoteWebDriver.java:552)
at org.openqa.selenium.remote.RemoteWebElement.execute(RemoteWebElement.java:285)
at org.openqa.selenium.remote.RemoteWebElement.sendKeys(RemoteWebElement.java:106)
at org.openqa.selenium.support.pagefactory.internal.LocatingElementHandler.invoke(LocatingElementHandler.java:51)
at com.sun.proxy.$Proxy13.sendKeys(Unknown Source)
at com.stock.qa.pages.ReturnMaterial.Verify_returnMaterial_functionality(ReturnMaterial.java:45)
at com.stock.qa.testcases.ReturnMaterialTest.Verify_ReturnMaterial_Functionality_Test(ReturnMaterialTest.java:46)
at java.base/java.util.ArrayList.forEach(ArrayList.java:1540)
... Removed 36 stack frames]]>
    </failure>
  </testcase> <!-- Verify_ReturnMaterial_Functionality_Test -->
  <testcase classname="com.stock.qa.testcases.PurchaseMaterialTest" name="Verify_Purchasematerial_Titlename_Test" time="0.0">
    <ignored/>
  </testcase> <!-- Verify_Purchasematerial_Titlename_Test -->
  <testcase classname="com.stock.qa.testcases.AddSiteTest" name="Verify_AddSitetitleName_Test" time="0.0">
    <ignored/>
  </testcase> <!-- Verify_AddSitetitleName_Test -->
  <testcase classname="com.stock.qa.testcases.ReturnMaterialTest" name="Verify_AddproducttitleName_Test" time="0.0">
    <ignored/>
  </testcase> <!-- Verify_AddproducttitleName_Test -->
  <testcase classname="com.stock.qa.testcases.DispatchMaterialTest" name="Verify_DispatchMaterialTitleName_Test" time="0.0">
    <ignored/>
  </testcase> <!-- Verify_DispatchMaterialTitleName_Test -->
</testsuite> <!-- Test3(failed) -->
