<?xml version="1.0" encoding="UTF-8"?>
<!-- Generated by org.testng.reporters.JUnitXMLReporter -->
<testsuite ignored="0" hostname="vipul" failures="0" tests="11" name="Test(failed)" time="3.471" errors="0" timestamp="2020-02-26T14:00:41 IST">
  <testcase classname="com.stock.qa.testcases.SiteEstimateTest" name="@BeforeTest Setup" time="3.143">
    <failure type="org.openqa.selenium.SessionNotCreatedException" message="session not created: This version of ChromeDriver only supports Chrome version 78
Build info: version: &amp;apos;3.141.59&amp;apos;, revision: &amp;apos;e82be7d358&amp;apos;, time: &amp;apos;2018-11-14T08:17:03&amp;apos;
System info: host: &amp;apos;VIPUL&amp;apos;, ip: &amp;apos;192.168.0.26&amp;apos;, os.name: &amp;apos;Windows 8.1&amp;apos;, os.arch: &amp;apos;amd64&amp;apos;, os.version: &amp;apos;6.3&amp;apos;, java.version: &amp;apos;12.0.1&amp;apos;
Driver info: driver.version: ChromeDriver
remote stacktrace: Backtrace:
	Ordinal0 [0x004AA903+1550595]
	Ordinal0 [0x0042A701+1025793]
	Ordinal0 [0x003AC6E5+509669]
	Ordinal0 [0x0033FC68+64616]
	Ordinal0 [0x0033C594+50580]
	Ordinal0 [0x0035ACE7+175335]
	Ordinal0 [0x0035A8ED+174317]
	Ordinal0 [0x00358CDB+167131]
	Ordinal0 [0x0034144A+70730]
	Ordinal0 [0x003424D0+74960]
	Ordinal0 [0x00342469+74857]
	Ordinal0 [0x004442C7+1131207]
	GetHandleVerifier [0x005470FD+523789]
	GetHandleVerifier [0x00546E90+523168]
	GetHandleVerifier [0x0054E1E7+552695]
	GetHandleVerifier [0x005478FA+525834]
	Ordinal0 [0x0043B7FC+1095676]
	Ordinal0 [0x0044633B+1139515]
	Ordinal0 [0x004464A3+1139875]
	Ordinal0 [0x00445425+1135653]
	BaseThreadInitThunk [0x753A7C04+36]
	RtlInitializeExceptionChain [0x77BFAD8F+143]
	RtlInitializeExceptionChain [0x77BFAD5A+90]
">
      <![CDATA[org.openqa.selenium.SessionNotCreatedException: session not created: This version of ChromeDriver only supports Chrome version 78
Build info: version: '3.141.59', revision: 'e82be7d358', time: '2018-11-14T08:17:03'
System info: host: 'VIPUL', ip: '192.168.0.26', os.name: 'Windows 8.1', os.arch: 'amd64', os.version: '6.3', java.version: '12.0.1'
Driver info: driver.version: ChromeDriver
remote stacktrace: Backtrace:
Ordinal0 [0x004AA903+1550595]
Ordinal0 [0x0042A701+1025793]
Ordinal0 [0x003AC6E5+509669]
Ordinal0 [0x0033FC68+64616]
Ordinal0 [0x0033C594+50580]
Ordinal0 [0x0035ACE7+175335]
Ordinal0 [0x0035A8ED+174317]
Ordinal0 [0x00358CDB+167131]
Ordinal0 [0x0034144A+70730]
Ordinal0 [0x003424D0+74960]
Ordinal0 [0x00342469+74857]
Ordinal0 [0x004442C7+1131207]
GetHandleVerifier [0x005470FD+523789]
GetHandleVerifier [0x00546E90+523168]
GetHandleVerifier [0x0054E1E7+552695]
GetHandleVerifier [0x005478FA+525834]
Ordinal0 [0x0043B7FC+1095676]
Ordinal0 [0x0044633B+1139515]
Ordinal0 [0x004464A3+1139875]
Ordinal0 [0x00445425+1135653]
BaseThreadInitThunk [0x753A7C04+36]
RtlInitializeExceptionChain [0x77BFAD8F+143]
RtlInitializeExceptionChain [0x77BFAD5A+90]

at org.openqa.selenium.remote.W3CHandshakeResponse.lambda$errorHandler$0(W3CHandshakeResponse.java:62)
at org.openqa.selenium.remote.HandshakeResponse.lambda$getResponseFunction$0(HandshakeResponse.java:30)
at org.openqa.selenium.remote.ProtocolHandshake.lambda$createSession$0(ProtocolHandshake.java:126)
at java.base/java.util.stream.ReferencePipeline$3$1.accept(ReferencePipeline.java:195)
at java.base/java.util.Spliterators$ArraySpliterator.tryAdvance(Spliterators.java:958)
at java.base/java.util.stream.ReferencePipeline.forEachWithCancel(ReferencePipeline.java:127)
at java.base/java.util.stream.AbstractPipeline.copyIntoWithCancel(AbstractPipeline.java:502)
at java.base/java.util.stream.AbstractPipeline.copyInto(AbstractPipeline.java:488)
at java.base/java.util.stream.AbstractPipeline.wrapAndCopyInto(AbstractPipeline.java:474)
at java.base/java.util.stream.FindOps$FindOp.evaluateSequential(FindOps.java:150)
at java.base/java.util.stream.AbstractPipeline.evaluate(AbstractPipeline.java:234)
at java.base/java.util.stream.ReferencePipeline.findFirst(ReferencePipeline.java:543)
at org.openqa.selenium.remote.ProtocolHandshake.createSession(ProtocolHandshake.java:128)
at org.openqa.selenium.remote.ProtocolHandshake.createSession(ProtocolHandshake.java:74)
at org.openqa.selenium.remote.HttpCommandExecutor.execute(HttpCommandExecutor.java:136)
at org.openqa.selenium.remote.service.DriverCommandExecutor.execute(DriverCommandExecutor.java:83)
at org.openqa.selenium.remote.RemoteWebDriver.execute(RemoteWebDriver.java:552)
at org.openqa.selenium.remote.RemoteWebDriver.startSession(RemoteWebDriver.java:213)
at org.openqa.selenium.remote.RemoteWebDriver.<init>(RemoteWebDriver.java:131)
at org.openqa.selenium.chrome.ChromeDriver.<init>(ChromeDriver.java:181)
at org.openqa.selenium.chrome.ChromeDriver.<init>(ChromeDriver.java:168)
at org.openqa.selenium.chrome.ChromeDriver.<init>(ChromeDriver.java:123)
at com.stock.qa.base.TestBase.initialization(TestBase.java:43)
at com.stock.qa.testcases.SiteEstimateTest.Setup(SiteEstimateTest.java:25)
... Removed 29 stack frames]]>
    </failure>
  </testcase> <!-- @BeforeTest Setup -->
  <testcase classname="com.stock.qa.testcases.LoginTestCase" name="@BeforeMethod setUp" time="-1.582705841285E9">
    <skipped/>
  </testcase> <!-- @BeforeMethod setUp -->
  <testcase classname="com.stock.qa.testcases.LoginTestCase" name="@AfterMethod tearDown" time="-1.582705841317E9">
    <skipped/>
  </testcase> <!-- @AfterMethod tearDown -->
  <testcase classname="com.stock.qa.testcases.LoginTestCase" name="@BeforeMethod setUp" time="-1.582705841348E9">
    <skipped/>
  </testcase> <!-- @BeforeMethod setUp -->
  <testcase classname="com.stock.qa.testcases.LoginTestCase" name="@AfterMethod tearDown" time="-1.582705841379E9">
    <skipped/>
  </testcase> <!-- @AfterMethod tearDown -->
  <testcase classname="com.stock.qa.testcases.LoginTestCase" name="@BeforeMethod setUp" time="-1.582705841379E9">
    <skipped/>
  </testcase> <!-- @BeforeMethod setUp -->
  <testcase classname="com.stock.qa.testcases.LoginTestCase" name="@AfterMethod tearDown" time="-1.582705841395E9">
    <skipped/>
  </testcase> <!-- @AfterMethod tearDown -->
  <testcase classname="com.stock.qa.testcases.HomePageTest" name="@BeforeMethod setUp" time="-1.582705841395E9">
    <skipped/>
  </testcase> <!-- @BeforeMethod setUp -->
  <testcase classname="com.stock.qa.testcases.HomePageTest" name="@AfterMethod tearDown" time="-1.58270584141E9">
    <skipped/>
  </testcase> <!-- @AfterMethod tearDown -->
  <testcase classname="com.stock.qa.testcases.HomePageTest" name="@BeforeMethod setUp" time="-1.58270584141E9">
    <skipped/>
  </testcase> <!-- @BeforeMethod setUp -->
  <testcase classname="com.stock.qa.testcases.HomePageTest" name="@AfterMethod tearDown" time="-1.582705841426E9">
    <skipped/>
  </testcase> <!-- @AfterMethod tearDown -->
  <testcase classname="com.stock.qa.testcases.HomePageTest" name="@BeforeMethod setUp" time="-1.582705841426E9">
    <skipped/>
  </testcase> <!-- @BeforeMethod setUp -->
  <testcase classname="com.stock.qa.testcases.HomePageTest" name="@AfterMethod tearDown" time="-1.582705841442E9">
    <skipped/>
  </testcase> <!-- @AfterMethod tearDown -->
  <testcase classname="com.stock.qa.testcases.HomePageTest" name="@BeforeMethod setUp" time="-1.582705841442E9">
    <skipped/>
  </testcase> <!-- @BeforeMethod setUp -->
  <testcase classname="com.stock.qa.testcases.HomePageTest" name="@AfterMethod tearDown" time="-1.582705841457E9">
    <skipped/>
  </testcase> <!-- @AfterMethod tearDown -->
  <testcase classname="com.stock.qa.testcases.HomePageTest" name="@BeforeMethod setUp" time="-1.582705841473E9">
    <skipped/>
  </testcase> <!-- @BeforeMethod setUp -->
  <testcase classname="com.stock.qa.testcases.HomePageTest" name="@AfterMethod tearDown" time="-1.582705841473E9">
    <skipped/>
  </testcase> <!-- @AfterMethod tearDown -->
  <testcase classname="com.stock.qa.testcases.HomePageTest" name="@BeforeMethod setUp" time="-1.582705841473E9">
    <skipped/>
  </testcase> <!-- @BeforeMethod setUp -->
  <testcase classname="com.stock.qa.testcases.HomePageTest" name="@AfterMethod tearDown" time="-1.582705841489E9">
    <skipped/>
  </testcase> <!-- @AfterMethod tearDown -->
  <testcase classname="com.stock.qa.testcases.SiteEstimateTest" name="@AfterTest TearDown" time="-1.582705841504E9">
    <skipped/>
  </testcase> <!-- @AfterTest TearDown -->
  <testcase classname="com.stock.qa.testcases.LoginTestCase" name="Verify_LoginPageTitle_Test" time="0.0">
    <skipped/>
  </testcase> <!-- Verify_LoginPageTitle_Test -->
  <testcase classname="com.stock.qa.testcases.LoginTestCase" name="Verify_StockLogoImage_Test" time="0.0">
    <skipped/>
  </testcase> <!-- Verify_StockLogoImage_Test -->
  <testcase classname="com.stock.qa.testcases.LoginTestCase" name="Verify_login_Test" time="0.0">
    <skipped/>
  </testcase> <!-- Verify_login_Test -->
  <testcase classname="com.stock.qa.testcases.HomePageTest" name="Verify_HomePageTitle_Test" time="0.0">
    <skipped/>
  </testcase> <!-- Verify_HomePageTitle_Test -->
  <testcase classname="com.stock.qa.testcases.HomePageTest" name="Verify_CorrectCompanyLogo_Test" time="0.0">
    <skipped/>
  </testcase> <!-- Verify_CorrectCompanyLogo_Test -->
  <testcase classname="com.stock.qa.testcases.HomePageTest" name="Verify_DispatchMaterialLink_Test" time="0.0">
    <skipped/>
  </testcase> <!-- Verify_DispatchMaterialLink_Test -->
  <testcase classname="com.stock.qa.testcases.HomePageTest" name="Verify_ReturnMaterialLink_Test" time="0.0">
    <skipped/>
  </testcase> <!-- Verify_ReturnMaterialLink_Test -->
  <testcase classname="com.stock.qa.testcases.HomePageTest" name="Verify_SettingsLink_Test" time="0.0">
    <skipped/>
  </testcase> <!-- Verify_SettingsLink_Test -->
  <testcase classname="com.stock.qa.testcases.HomePageTest" name="Verify_LogoutBtn_Test" time="0.0">
    <skipped/>
  </testcase> <!-- Verify_LogoutBtn_Test -->
  <testcase classname="com.stock.qa.testcases.SiteEstimateTest" name="SiteEstimateList" time="0.0">
    <skipped/>
  </testcase> <!-- SiteEstimateList -->
  <testcase classname="com.stock.qa.testcases.SiteEstimateTest" name="verify_siteestimateTitle" time="0.0">
    <skipped/>
  </testcase> <!-- verify_siteestimateTitle -->
</testsuite> <!-- Test(failed) -->
